==============================================================================
TestCases                                                                     
==============================================================================
TestCases.GroupTest                                                           
==============================================================================
TC01                                                                  tc01
| PASS |
------------------------------------------------------------------------------
TC02                                                                  tc02
| PASS |
------------------------------------------------------------------------------
TestCases.GroupTest                                                   | PASS |
2 critical tests, 2 passed, 0 failed
2 tests total, 2 passed, 0 failed
==============================================================================
TestCases                                                             | PASS |
2 critical tests, 2 passed, 0 failed
2 tests total, 2 passed, 0 failed
==============================================================================
Output:  C:\Users\gs-1461\PycharmProjects\Robot\reports\pabot_results\1\output.xml
